<?xml version="1.0" encoding="UTF-8"?>
<!-- Generated by org.testng.reporters.JUnitXMLReporter -->
<testsuite ignored="0" hostname="Nishants-MacBook-Pro.local" failures="0" tests="2" name="ErrorValidationTest" time="20.265" errors="0" timestamp="2026-06-03T01:05:51 IST">
  <testcase classname="nishantSelenium.tests.ErrorCredentialValidationTest" name="LoginErrorValidation" time="0.716"/>
  <testcase classname="nishantSelenium.tests.ErrorCredentialValidationTest" name="ProductErrorValidationCartPage" time="7.431"/>
</testsuite> <!-- ErrorValidationTest -->
