<?xml version="1.0" encoding="UTF-8"?>
<!-- Generated by org.testng.reporters.JUnitXMLReporter -->
<testsuite ignored="0" hostname="Nishants-MacBook-Pro.local" failures="0" tests="2" name="SubmitOrderTest" time="27.0" errors="0" timestamp="2026-06-03T01:05:31 IST">
  <testcase classname="nishantSelenium.tests.SubmitOrderEcomTest" name="submitOrder" time="11.0"/>
  <testcase classname="nishantSelenium.tests.SubmitOrderEcomTest" name="orderHistoryTest" time="6.988"/>
</testsuite> <!-- SubmitOrderTest -->
