<?xml version="1.0" encoding="UTF-8"?>
<!-- Generated by org.testng.reporters.JUnitXMLReporter -->
<testsuite ignored="0" hostname="Nishants-MacBook-Pro.local" failures="0" tests="2" name="ErrorValidationTest" time="14.997" errors="0" timestamp="2026-02-22T21:30:45 GMT">
  <testcase classname="nishantSelenium.tests.ErrorCredentialValidationTest" name="LoginErrorValidation" time="1.967"/>
  <testcase classname="nishantSelenium.tests.ErrorCredentialValidationTest" name="ProductErrorValidationCartPage" time="9.865"/>
</testsuite> <!-- ErrorValidationTest -->
