<?xml version="1.0" encoding="UTF-8"?>
<!-- Generated by org.testng.reporters.JUnitXMLReporter -->
<testsuite ignored="0" hostname="Nishants-MacBook-Pro.local" failures="0" tests="2" name="SubmitOrderTest" time="26.442" errors="0" timestamp="2026-02-22T21:30:30 GMT">
  <testcase classname="nishantSelenium.tests.SubmitOrderEcomTest" name="submitOrder" time="11.602"/>
  <testcase classname="nishantSelenium.tests.SubmitOrderEcomTest" name="orderHistoryTest" time="9.272"/>
</testsuite> <!-- SubmitOrderTest -->
