<?xml version="1.0" encoding="UTF-8"?>
<testng-results ignored="0" total="4" passed="4" failed="0" skipped="0">
  <reporter-output>
  </reporter-output>
  <suite started-at="2026-02-22T21:30:03 GMT" name="Suite" finished-at="2026-02-22T21:30:45 GMT" duration-ms="41550">
    <groups>
      <group name="ErrorHandling">
        <method signature="ErrorCredentialValidationTest.LoginErrorValidation()[pri:0, instance:nishantSelenium.tests.ErrorCredentialValidationTest@5340477f]" name="LoginErrorValidation" class="nishantSelenium.tests.ErrorCredentialValidationTest"/>
      </group> <!-- ErrorHandling -->
      <group name="Purchase">
        <method signature="SubmitOrderEcomTest.submitOrder(java.util.HashMap)[pri:0, instance:nishantSelenium.tests.SubmitOrderEcomTest@7188af83]" name="submitOrder" class="nishantSelenium.tests.SubmitOrderEcomTest"/>
      </group> <!-- Purchase -->
    </groups>
    <test started-at="2026-02-22T21:30:03 GMT" name="SubmitOrderTest" finished-at="2026-02-22T21:30:30 GMT" duration-ms="26442">
      <class name="nishantSelenium.tests.SubmitOrderEcomTest">
        <test-method is-config="true" signature="launchApplication()[pri:0, instance:nishantSelenium.tests.SubmitOrderEcomTest@7188af83]" started-at="2026-02-22T21:30:03 GMT" name="launchApplication" finished-at="2026-02-22T21:30:07 GMT" duration-ms="3735" status="PASS">
          <reporter-output>
          </reporter-output>
        </test-method> <!-- launchApplication -->
        <test-method signature="submitOrder(java.util.HashMap)[pri:0, instance:nishantSelenium.tests.SubmitOrderEcomTest@7188af83]" started-at="2026-02-22T21:30:07 GMT" name="submitOrder" data-provider="getData" finished-at="2026-02-22T21:30:19 GMT" duration-ms="11602" status="PASS">
          <params>
            <param index="0">
              <value>
                <![CDATA[{targetProductName=ZARA COAT 3, userPassword=Test112233, userEmail=nkrforever13@gmail.com}]]>
              </value>
            </param>
          </params>
          <reporter-output>
          </reporter-output>
        </test-method> <!-- submitOrder -->
        <test-method is-config="true" signature="tearDown()[pri:0, instance:nishantSelenium.tests.SubmitOrderEcomTest@7188af83]" started-at="2026-02-22T21:30:19 GMT" name="tearDown" finished-at="2026-02-22T21:30:19 GMT" duration-ms="98" status="PASS">
          <reporter-output>
          </reporter-output>
        </test-method> <!-- tearDown -->
        <test-method is-config="true" signature="launchApplication()[pri:0, instance:nishantSelenium.tests.SubmitOrderEcomTest@7188af83]" started-at="2026-02-22T21:30:19 GMT" name="launchApplication" finished-at="2026-02-22T21:30:20 GMT" duration-ms="1572" status="PASS">
          <reporter-output>
          </reporter-output>
        </test-method> <!-- launchApplication -->
        <test-method signature="orderHistoryTest()[pri:0, instance:nishantSelenium.tests.SubmitOrderEcomTest@7188af83]" started-at="2026-02-22T21:30:20 GMT" name="orderHistoryTest" finished-at="2026-02-22T21:30:30 GMT" depends-on-methods="nishantSelenium.tests.SubmitOrderEcomTest.submitOrder" duration-ms="9272" status="PASS">
          <reporter-output>
          </reporter-output>
        </test-method> <!-- orderHistoryTest -->
        <test-method is-config="true" signature="tearDown()[pri:0, instance:nishantSelenium.tests.SubmitOrderEcomTest@7188af83]" started-at="2026-02-22T21:30:30 GMT" name="tearDown" finished-at="2026-02-22T21:30:30 GMT" duration-ms="86" status="PASS">
          <reporter-output>
          </reporter-output>
        </test-method> <!-- tearDown -->
      </class> <!-- nishantSelenium.tests.SubmitOrderEcomTest -->
    </test> <!-- SubmitOrderTest -->
    <test started-at="2026-02-22T21:30:30 GMT" name="ErrorValidationTest" finished-at="2026-02-22T21:30:45 GMT" duration-ms="14997">
      <class name="nishantSelenium.tests.ErrorCredentialValidationTest">
        <test-method is-config="true" signature="launchApplication()[pri:0, instance:nishantSelenium.tests.ErrorCredentialValidationTest@5340477f]" started-at="2026-02-22T21:30:30 GMT" name="launchApplication" finished-at="2026-02-22T21:30:31 GMT" duration-ms="1424" status="PASS">
          <reporter-output>
          </reporter-output>
        </test-method> <!-- launchApplication -->
        <test-method signature="LoginErrorValidation()[pri:0, instance:nishantSelenium.tests.ErrorCredentialValidationTest@5340477f]" started-at="2026-02-22T21:30:31 GMT" name="LoginErrorValidation" finished-at="2026-02-22T21:30:33 GMT" duration-ms="1967" status="PASS">
          <reporter-output>
          </reporter-output>
        </test-method> <!-- LoginErrorValidation -->
        <test-method is-config="true" signature="tearDown()[pri:0, instance:nishantSelenium.tests.ErrorCredentialValidationTest@5340477f]" started-at="2026-02-22T21:30:33 GMT" name="tearDown" finished-at="2026-02-22T21:30:33 GMT" duration-ms="84" status="PASS">
          <reporter-output>
          </reporter-output>
        </test-method> <!-- tearDown -->
        <test-method is-config="true" signature="launchApplication()[pri:0, instance:nishantSelenium.tests.ErrorCredentialValidationTest@5340477f]" started-at="2026-02-22T21:30:33 GMT" name="launchApplication" finished-at="2026-02-22T21:30:35 GMT" duration-ms="1564" status="PASS">
          <reporter-output>
          </reporter-output>
        </test-method> <!-- launchApplication -->
        <test-method signature="ProductErrorValidationCartPage()[pri:0, instance:nishantSelenium.tests.ErrorCredentialValidationTest@5340477f]" started-at="2026-02-22T21:30:35 GMT" name="ProductErrorValidationCartPage" finished-at="2026-02-22T21:30:45 GMT" duration-ms="9865" status="PASS">
          <reporter-output>
          </reporter-output>
        </test-method> <!-- ProductErrorValidationCartPage -->
        <test-method is-config="true" signature="tearDown()[pri:0, instance:nishantSelenium.tests.ErrorCredentialValidationTest@5340477f]" started-at="2026-02-22T21:30:45 GMT" name="tearDown" finished-at="2026-02-22T21:30:45 GMT" duration-ms="90" status="PASS">
          <reporter-output>
          </reporter-output>
        </test-method> <!-- tearDown -->
      </class> <!-- nishantSelenium.tests.ErrorCredentialValidationTest -->
    </test> <!-- ErrorValidationTest -->
  </suite> <!-- Suite -->
</testng-results>
