<?xml version="1.0" encoding="UTF-8"?>
<testng-results ignored="0" total="4" passed="0" failed="3" skipped="1">
  <reporter-output>
  </reporter-output>
  <suite started-at="2026-02-22T14:01:09 GMT" name="Suite" finished-at="2026-02-22T14:01:27 GMT" duration-ms="17195">
    <groups>
      <group name="ErrorHandling">
        <method signature="ErrorCredentialValidationTest.LoginErrorValidation()[pri:0, instance:nishantSelenium.tests.ErrorCredentialValidationTest@452e19ca]" name="LoginErrorValidation" class="nishantSelenium.tests.ErrorCredentialValidationTest"/>
      </group> <!-- ErrorHandling -->
      <group name="Purchase">
        <method signature="SubmitOrderEcomTest.submitOrder(java.util.HashMap)[pri:0, instance:nishantSelenium.tests.SubmitOrderEcomTest@23941fb4]" name="submitOrder" class="nishantSelenium.tests.SubmitOrderEcomTest"/>
      </group> <!-- Purchase -->
    </groups>
    <test started-at="2026-02-22T14:01:09 GMT" name="SubmitOrderTest" finished-at="2026-02-22T14:01:17 GMT" duration-ms="8044">
      <class name="nishantSelenium.tests.SubmitOrderEcomTest">
        <test-method is-config="true" signature="launchApplication()[pri:0, instance:nishantSelenium.tests.SubmitOrderEcomTest@23941fb4]" started-at="2026-02-22T14:01:10 GMT" name="launchApplication" finished-at="2026-02-22T14:01:15 GMT" duration-ms="4976" status="PASS">
          <reporter-output>
          </reporter-output>
        </test-method> <!-- launchApplication -->
        <test-method signature="submitOrder(java.util.HashMap)[pri:0, instance:nishantSelenium.tests.SubmitOrderEcomTest@23941fb4]" started-at="2026-02-22T14:01:15 GMT" name="submitOrder" data-provider="getData" finished-at="2026-02-22T14:01:17 GMT" duration-ms="2455" status="FAIL">
          <params>
            <param index="0">
              <value>
                <![CDATA[{targetProductName=ZARA COAT 3, userPassword=Test112233, userEmail=nkrforever13@gmail.com}]]>
              </value>
            </param>
          </params>
          <exception class="org.openqa.selenium.ElementClickInterceptedException">
            <message>
              <![CDATA[Element <button class="btn btn-custom"> is not clickable at point (1270,26) because another element <div class="ngx-spinner-overlay ng-tns-c31-1 ng-trigger ng-trigger-fadeIn ng-star-inserted ng-animating"> obscures it
Build info: version: '4.35.0', revision: '1c58e5028b'
System info: os.name: 'Mac OS X', os.arch: 'aarch64', os.version: '26.3', java.version: '21.0.6'
Driver info: org.openqa.selenium.firefox.FirefoxDriver
Command: [25de4697-128b-403c-a77e-d58f7a771239, clickElement {id=3b108644-2fc3-465a-8e54-de14e12f2453}]
Capabilities {acceptInsecureCerts: true, browserName: firefox, browserVersion: 147.0.4, moz:accessibilityChecks: false, moz:buildID: 20260212191108, moz:geckodriverVersion: 0.36.0, moz:headless: false, moz:platformVersion: 25.3.0, moz:processID: 14803, moz:profile: /var/folders/s0/2wbyl1pn1dz..., moz:shutdownTimeout: 60000, moz:webdriverClick: true, moz:windowless: false, pageLoadStrategy: normal, platformName: mac, proxy: Proxy(), setWindowRect: true, strictFileInteractability: false, timeouts: {implicit: 0, pageLoad: 300000, script: 30000}, unhandledPromptBehavior: dismiss and notify, userAgent: Mozilla/5.0 (Macintosh; Int...}
Element: [[FirefoxDriver: firefox on mac (25de4697-128b-403c-a77e-d58f7a771239)] -> css selector: button[routerlink*='cart']]
Session ID: 25de4697-128b-403c-a77e-d58f7a771239]]>
            </message>
            <full-stacktrace>
              <![CDATA[org.openqa.selenium.ElementClickInterceptedException: Element <button class="btn btn-custom"> is not clickable at point (1270,26) because another element <div class="ngx-spinner-overlay ng-tns-c31-1 ng-trigger ng-trigger-fadeIn ng-star-inserted ng-animating"> obscures it
Build info: version: '4.35.0', revision: '1c58e5028b'
System info: os.name: 'Mac OS X', os.arch: 'aarch64', os.version: '26.3', java.version: '21.0.6'
Driver info: org.openqa.selenium.firefox.FirefoxDriver
Command: [25de4697-128b-403c-a77e-d58f7a771239, clickElement {id=3b108644-2fc3-465a-8e54-de14e12f2453}]
Capabilities {acceptInsecureCerts: true, browserName: firefox, browserVersion: 147.0.4, moz:accessibilityChecks: false, moz:buildID: 20260212191108, moz:geckodriverVersion: 0.36.0, moz:headless: false, moz:platformVersion: 25.3.0, moz:processID: 14803, moz:profile: /var/folders/s0/2wbyl1pn1dz..., moz:shutdownTimeout: 60000, moz:webdriverClick: true, moz:windowless: false, pageLoadStrategy: normal, platformName: mac, proxy: Proxy(), setWindowRect: true, strictFileInteractability: false, timeouts: {implicit: 0, pageLoad: 300000, script: 30000}, unhandledPromptBehavior: dismiss and notify, userAgent: Mozilla/5.0 (Macintosh; Int...}
Element: [[FirefoxDriver: firefox on mac (25de4697-128b-403c-a77e-d58f7a771239)] -> css selector: button[routerlink*='cart']]
Session ID: 25de4697-128b-403c-a77e-d58f7a771239
at java.base/jdk.internal.reflect.DirectConstructorHandleAccessor.newInstance(DirectConstructorHandleAccessor.java:62)
at java.base/java.lang.reflect.Constructor.newInstanceWithCaller(Constructor.java:502)
at java.base/java.lang.reflect.Constructor.newInstance(Constructor.java:486)
at org.openqa.selenium.remote.ErrorCodec.decode(ErrorCodec.java:167)
at org.openqa.selenium.remote.codec.w3c.W3CHttpResponseCodec.decode(W3CHttpResponseCodec.java:138)
at org.openqa.selenium.remote.codec.w3c.W3CHttpResponseCodec.decode(W3CHttpResponseCodec.java:50)
at org.openqa.selenium.remote.HttpCommandExecutor.execute(HttpCommandExecutor.java:215)
at org.openqa.selenium.remote.service.DriverCommandExecutor.invokeExecute(DriverCommandExecutor.java:216)
at org.openqa.selenium.remote.service.DriverCommandExecutor.execute(DriverCommandExecutor.java:174)
at org.openqa.selenium.remote.RemoteWebDriver.execute(RemoteWebDriver.java:557)
at org.openqa.selenium.remote.RemoteWebElement.execute(RemoteWebElement.java:223)
at org.openqa.selenium.remote.RemoteWebElement.click(RemoteWebElement.java:76)
at java.base/jdk.internal.reflect.DirectMethodHandleAccessor.invoke(DirectMethodHandleAccessor.java:103)
at java.base/java.lang.reflect.Method.invoke(Method.java:580)
at org.openqa.selenium.support.pagefactory.internal.LocatingElementHandler.invoke(LocatingElementHandler.java:51)
at jdk.proxy2/jdk.proxy2.$Proxy16.click(Unknown Source)
at nishantSelenium.abstractComponents.AbstractComponent.goToCartPage(AbstractComponent.java:48)
at nishantSelenium.tests.SubmitOrderEcomTest.submitOrder(SubmitOrderEcomTest.java:40)
at java.base/jdk.internal.reflect.DirectMethodHandleAccessor.invoke(DirectMethodHandleAccessor.java:103)
at java.base/java.lang.reflect.Method.invoke(Method.java:580)
at org.testng.internal.invokers.MethodInvocationHelper.invokeMethod(MethodInvocationHelper.java:141)
at org.testng.internal.invokers.TestInvoker.invokeMethod(TestInvoker.java:687)
at org.testng.internal.invokers.TestInvoker.invokeTestMethod(TestInvoker.java:230)
at org.testng.internal.invokers.MethodRunner.runInSequence(MethodRunner.java:63)
at org.testng.internal.invokers.TestInvoker$MethodInvocationAgent.invoke(TestInvoker.java:995)
at org.testng.internal.invokers.TestInvoker.invokeTestMethods(TestInvoker.java:203)
at org.testng.internal.invokers.TestMethodWorker.invokeTestMethods(TestMethodWorker.java:154)
at org.testng.internal.invokers.TestMethodWorker.run(TestMethodWorker.java:134)
at java.base/java.util.ArrayList.forEach(ArrayList.java:1596)
at org.testng.TestRunner.privateRun(TestRunner.java:741)
at org.testng.TestRunner.run(TestRunner.java:616)
at org.testng.SuiteRunner.runTest(SuiteRunner.java:421)
at org.testng.SuiteRunner$SuiteWorker.run(SuiteRunner.java:463)
at org.testng.internal.thread.ThreadUtil.lambda$execute$0(ThreadUtil.java:64)
at java.base/java.util.concurrent.FutureTask.run(FutureTask.java:317)
at java.base/java.util.concurrent.ThreadPoolExecutor.runWorker(ThreadPoolExecutor.java:1144)
at java.base/java.util.concurrent.ThreadPoolExecutor$Worker.run(ThreadPoolExecutor.java:642)
at java.base/java.lang.Thread.run(Thread.java:1583)
]]>
            </full-stacktrace>
          </exception> <!-- org.openqa.selenium.ElementClickInterceptedException -->
          <reporter-output>
          </reporter-output>
        </test-method> <!-- submitOrder -->
        <test-method is-config="true" signature="tearDown()[pri:0, instance:nishantSelenium.tests.SubmitOrderEcomTest@23941fb4]" started-at="2026-02-22T14:01:17 GMT" name="tearDown" finished-at="2026-02-22T14:01:17 GMT" duration-ms="401" status="PASS">
          <reporter-output>
          </reporter-output>
        </test-method> <!-- tearDown -->
        <test-method signature="orderHistoryTest()[pri:0, instance:nishantSelenium.tests.SubmitOrderEcomTest@23941fb4]" started-at="2026-02-22T14:01:17 GMT" name="orderHistoryTest" finished-at="2026-02-22T14:01:17 GMT" depends-on-methods="nishantSelenium.tests.SubmitOrderEcomTest.submitOrder" duration-ms="1" status="SKIP">
          <exception class="java.lang.Throwable">
            <message>
              <![CDATA[Method nishantSelenium.tests.SubmitOrderEcomTest.orderHistoryTest() on instance nishantSelenium.tests.SubmitOrderEcomTest@23941fb4 depends on not successfully finished methods 
[nishantSelenium.tests.SubmitOrderEcomTest.submitOrder() on instance nishantSelenium.tests.SubmitOrderEcomTest@23941fb4]]]>
            </message>
            <full-stacktrace>
              <![CDATA[java.lang.Throwable: Method nishantSelenium.tests.SubmitOrderEcomTest.orderHistoryTest() on instance nishantSelenium.tests.SubmitOrderEcomTest@23941fb4 depends on not successfully finished methods 
[nishantSelenium.tests.SubmitOrderEcomTest.submitOrder() on instance nishantSelenium.tests.SubmitOrderEcomTest@23941fb4]
at org.testng.internal.invokers.TestInvoker.invokeTestMethods(TestInvoker.java:159)
at org.testng.internal.invokers.TestMethodWorker.invokeTestMethods(TestMethodWorker.java:154)
at org.testng.internal.invokers.TestMethodWorker.run(TestMethodWorker.java:134)
at java.base/java.util.ArrayList.forEach(ArrayList.java:1596)
at org.testng.TestRunner.privateRun(TestRunner.java:741)
at org.testng.TestRunner.run(TestRunner.java:616)
at org.testng.SuiteRunner.runTest(SuiteRunner.java:421)
at org.testng.SuiteRunner$SuiteWorker.run(SuiteRunner.java:463)
at org.testng.internal.thread.ThreadUtil.lambda$execute$0(ThreadUtil.java:64)
at java.base/java.util.concurrent.FutureTask.run(FutureTask.java:317)
at java.base/java.util.concurrent.ThreadPoolExecutor.runWorker(ThreadPoolExecutor.java:1144)
at java.base/java.util.concurrent.ThreadPoolExecutor$Worker.run(ThreadPoolExecutor.java:642)
at java.base/java.lang.Thread.run(Thread.java:1583)
]]>
            </full-stacktrace>
          </exception> <!-- java.lang.Throwable -->
          <reporter-output>
          </reporter-output>
        </test-method> <!-- orderHistoryTest -->
      </class> <!-- nishantSelenium.tests.SubmitOrderEcomTest -->
    </test> <!-- SubmitOrderTest -->
    <test started-at="2026-02-22T14:01:09 GMT" name="ErrorValidationTest" finished-at="2026-02-22T14:01:27 GMT" duration-ms="17195">
      <class name="nishantSelenium.tests.ErrorCredentialValidationTest">
        <test-method is-config="true" signature="launchApplication()[pri:0, instance:nishantSelenium.tests.ErrorCredentialValidationTest@452e19ca]" started-at="2026-02-22T14:01:09 GMT" name="launchApplication" finished-at="2026-02-22T14:01:15 GMT" duration-ms="5525" status="PASS">
          <reporter-output>
          </reporter-output>
        </test-method> <!-- launchApplication -->
        <test-method signature="LoginErrorValidation()[pri:0, instance:nishantSelenium.tests.ErrorCredentialValidationTest@452e19ca]" started-at="2026-02-22T14:01:15 GMT" name="LoginErrorValidation" finished-at="2026-02-22T14:01:16 GMT" duration-ms="877" status="FAIL">
          <exception class="java.lang.AssertionError">
            <message>
              <![CDATA[expected [Incorrect email password.] but found [Incorrect email or password.]]]>
            </message>
            <full-stacktrace>
              <![CDATA[java.lang.AssertionError: expected [Incorrect email password.] but found [Incorrect email or password.]
at org.testng.Assert.fail(Assert.java:111)
at org.testng.Assert.failNotEquals(Assert.java:1590)
at org.testng.Assert.assertEqualsImpl(Assert.java:150)
at org.testng.Assert.assertEquals(Assert.java:132)
at org.testng.Assert.assertEquals(Assert.java:656)
at org.testng.Assert.assertEquals(Assert.java:666)
at nishantSelenium.tests.ErrorCredentialValidationTest.LoginErrorValidation(ErrorCredentialValidationTest.java:27)
at java.base/jdk.internal.reflect.DirectMethodHandleAccessor.invoke(DirectMethodHandleAccessor.java:103)
at java.base/java.lang.reflect.Method.invoke(Method.java:580)
at org.testng.internal.invokers.MethodInvocationHelper.invokeMethod(MethodInvocationHelper.java:141)
at org.testng.internal.invokers.TestInvoker.invokeMethod(TestInvoker.java:687)
at org.testng.internal.invokers.TestInvoker.invokeTestMethod(TestInvoker.java:230)
at org.testng.internal.invokers.MethodRunner.runInSequence(MethodRunner.java:63)
at org.testng.internal.invokers.TestInvoker$MethodInvocationAgent.invoke(TestInvoker.java:995)
at org.testng.internal.invokers.TestInvoker.invokeTestMethods(TestInvoker.java:203)
at org.testng.internal.invokers.TestMethodWorker.invokeTestMethods(TestMethodWorker.java:154)
at org.testng.internal.invokers.TestMethodWorker.run(TestMethodWorker.java:134)
at java.base/java.util.ArrayList.forEach(ArrayList.java:1596)
at org.testng.TestRunner.privateRun(TestRunner.java:741)
at org.testng.TestRunner.run(TestRunner.java:616)
at org.testng.SuiteRunner.runTest(SuiteRunner.java:421)
at org.testng.SuiteRunner$SuiteWorker.run(SuiteRunner.java:463)
at org.testng.internal.thread.ThreadUtil.lambda$execute$0(ThreadUtil.java:64)
at java.base/java.util.concurrent.FutureTask.run(FutureTask.java:317)
at java.base/java.util.concurrent.ThreadPoolExecutor.runWorker(ThreadPoolExecutor.java:1144)
at java.base/java.util.concurrent.ThreadPoolExecutor$Worker.run(ThreadPoolExecutor.java:642)
at java.base/java.lang.Thread.run(Thread.java:1583)
]]>
            </full-stacktrace>
          </exception> <!-- java.lang.AssertionError -->
          <reporter-output>
          </reporter-output>
        </test-method> <!-- LoginErrorValidation -->
        <test-method is-config="true" signature="tearDown()[pri:0, instance:nishantSelenium.tests.ErrorCredentialValidationTest@452e19ca]" started-at="2026-02-22T14:01:16 GMT" name="tearDown" finished-at="2026-02-22T14:01:16 GMT" duration-ms="361" status="PASS">
          <reporter-output>
          </reporter-output>
        </test-method> <!-- tearDown -->
        <test-method is-config="true" signature="launchApplication()[pri:0, instance:nishantSelenium.tests.ErrorCredentialValidationTest@452e19ca]" started-at="2026-02-22T14:01:16 GMT" name="launchApplication" finished-at="2026-02-22T14:01:24 GMT" duration-ms="7673" status="PASS">
          <reporter-output>
          </reporter-output>
        </test-method> <!-- launchApplication -->
        <test-method signature="ProductErrorValidationCartPage()[pri:0, instance:nishantSelenium.tests.ErrorCredentialValidationTest@452e19ca]" started-at="2026-02-22T14:01:24 GMT" name="ProductErrorValidationCartPage" finished-at="2026-02-22T14:01:26 GMT" duration-ms="2060" status="FAIL">
          <exception class="org.openqa.selenium.ElementClickInterceptedException">
            <message>
              <![CDATA[Element <button class="btn btn-custom"> is not clickable at point (1270,26) because another element <div class="ngx-spinner-overlay ng-tns-c31-1 ng-trigger ng-trigger-fadeIn ng-star-inserted"> obscures it
Build info: version: '4.35.0', revision: '1c58e5028b'
System info: os.name: 'Mac OS X', os.arch: 'aarch64', os.version: '26.3', java.version: '21.0.6'
Driver info: org.openqa.selenium.firefox.FirefoxDriver
Command: [6e4aa8a4-7b03-4454-aaf8-09b9af91fc4a, clickElement {id=2d534256-e099-4cd0-90a6-9017bd87015a}]
Capabilities {acceptInsecureCerts: true, browserName: firefox, browserVersion: 147.0.4, moz:accessibilityChecks: false, moz:buildID: 20260212191108, moz:geckodriverVersion: 0.36.0, moz:headless: false, moz:platformVersion: 25.3.0, moz:processID: 14837, moz:profile: /var/folders/s0/2wbyl1pn1dz..., moz:shutdownTimeout: 60000, moz:webdriverClick: true, moz:windowless: false, pageLoadStrategy: normal, platformName: mac, proxy: Proxy(), setWindowRect: true, strictFileInteractability: false, timeouts: {implicit: 0, pageLoad: 300000, script: 30000}, unhandledPromptBehavior: dismiss and notify, userAgent: Mozilla/5.0 (Macintosh; Int...}
Element: [[FirefoxDriver: firefox on mac (6e4aa8a4-7b03-4454-aaf8-09b9af91fc4a)] -> css selector: button[routerlink*='cart']]
Session ID: 6e4aa8a4-7b03-4454-aaf8-09b9af91fc4a]]>
            </message>
            <full-stacktrace>
              <![CDATA[org.openqa.selenium.ElementClickInterceptedException: Element <button class="btn btn-custom"> is not clickable at point (1270,26) because another element <div class="ngx-spinner-overlay ng-tns-c31-1 ng-trigger ng-trigger-fadeIn ng-star-inserted"> obscures it
Build info: version: '4.35.0', revision: '1c58e5028b'
System info: os.name: 'Mac OS X', os.arch: 'aarch64', os.version: '26.3', java.version: '21.0.6'
Driver info: org.openqa.selenium.firefox.FirefoxDriver
Command: [6e4aa8a4-7b03-4454-aaf8-09b9af91fc4a, clickElement {id=2d534256-e099-4cd0-90a6-9017bd87015a}]
Capabilities {acceptInsecureCerts: true, browserName: firefox, browserVersion: 147.0.4, moz:accessibilityChecks: false, moz:buildID: 20260212191108, moz:geckodriverVersion: 0.36.0, moz:headless: false, moz:platformVersion: 25.3.0, moz:processID: 14837, moz:profile: /var/folders/s0/2wbyl1pn1dz..., moz:shutdownTimeout: 60000, moz:webdriverClick: true, moz:windowless: false, pageLoadStrategy: normal, platformName: mac, proxy: Proxy(), setWindowRect: true, strictFileInteractability: false, timeouts: {implicit: 0, pageLoad: 300000, script: 30000}, unhandledPromptBehavior: dismiss and notify, userAgent: Mozilla/5.0 (Macintosh; Int...}
Element: [[FirefoxDriver: firefox on mac (6e4aa8a4-7b03-4454-aaf8-09b9af91fc4a)] -> css selector: button[routerlink*='cart']]
Session ID: 6e4aa8a4-7b03-4454-aaf8-09b9af91fc4a
at java.base/jdk.internal.reflect.DirectConstructorHandleAccessor.newInstance(DirectConstructorHandleAccessor.java:62)
at java.base/java.lang.reflect.Constructor.newInstanceWithCaller(Constructor.java:502)
at java.base/java.lang.reflect.Constructor.newInstance(Constructor.java:486)
at org.openqa.selenium.remote.ErrorCodec.decode(ErrorCodec.java:167)
at org.openqa.selenium.remote.codec.w3c.W3CHttpResponseCodec.decode(W3CHttpResponseCodec.java:138)
at org.openqa.selenium.remote.codec.w3c.W3CHttpResponseCodec.decode(W3CHttpResponseCodec.java:50)
at org.openqa.selenium.remote.HttpCommandExecutor.execute(HttpCommandExecutor.java:215)
at org.openqa.selenium.remote.service.DriverCommandExecutor.invokeExecute(DriverCommandExecutor.java:216)
at org.openqa.selenium.remote.service.DriverCommandExecutor.execute(DriverCommandExecutor.java:174)
at org.openqa.selenium.remote.RemoteWebDriver.execute(RemoteWebDriver.java:557)
at org.openqa.selenium.remote.RemoteWebElement.execute(RemoteWebElement.java:223)
at org.openqa.selenium.remote.RemoteWebElement.click(RemoteWebElement.java:76)
at java.base/jdk.internal.reflect.DirectMethodHandleAccessor.invoke(DirectMethodHandleAccessor.java:103)
at java.base/java.lang.reflect.Method.invoke(Method.java:580)
at org.openqa.selenium.support.pagefactory.internal.LocatingElementHandler.invoke(LocatingElementHandler.java:51)
at jdk.proxy2/jdk.proxy2.$Proxy16.click(Unknown Source)
at nishantSelenium.abstractComponents.AbstractComponent.goToCartPage(AbstractComponent.java:48)
at nishantSelenium.tests.ErrorCredentialValidationTest.ProductErrorValidationCartPage(ErrorCredentialValidationTest.java:55)
at java.base/jdk.internal.reflect.DirectMethodHandleAccessor.invoke(DirectMethodHandleAccessor.java:103)
at java.base/java.lang.reflect.Method.invoke(Method.java:580)
at org.testng.internal.invokers.MethodInvocationHelper.invokeMethod(MethodInvocationHelper.java:141)
at org.testng.internal.invokers.TestInvoker.invokeMethod(TestInvoker.java:687)
at org.testng.internal.invokers.TestInvoker.invokeTestMethod(TestInvoker.java:230)
at org.testng.internal.invokers.MethodRunner.runInSequence(MethodRunner.java:63)
at org.testng.internal.invokers.TestInvoker$MethodInvocationAgent.invoke(TestInvoker.java:995)
at org.testng.internal.invokers.TestInvoker.invokeTestMethods(TestInvoker.java:203)
at org.testng.internal.invokers.TestMethodWorker.invokeTestMethods(TestMethodWorker.java:154)
at org.testng.internal.invokers.TestMethodWorker.run(TestMethodWorker.java:134)
at java.base/java.util.ArrayList.forEach(ArrayList.java:1596)
at org.testng.TestRunner.privateRun(TestRunner.java:741)
at org.testng.TestRunner.run(TestRunner.java:616)
at org.testng.SuiteRunner.runTest(SuiteRunner.java:421)
at org.testng.SuiteRunner$SuiteWorker.run(SuiteRunner.java:463)
at org.testng.internal.thread.ThreadUtil.lambda$execute$0(ThreadUtil.java:64)
at java.base/java.util.concurrent.FutureTask.run(FutureTask.java:317)
at java.base/java.util.concurrent.ThreadPoolExecutor.runWorker(ThreadPoolExecutor.java:1144)
at java.base/java.util.concurrent.ThreadPoolExecutor$Worker.run(ThreadPoolExecutor.java:642)
at java.base/java.lang.Thread.run(Thread.java:1583)
]]>
            </full-stacktrace>
          </exception> <!-- org.openqa.selenium.ElementClickInterceptedException -->
          <reporter-output>
          </reporter-output>
        </test-method> <!-- ProductErrorValidationCartPage -->
        <test-method is-config="true" signature="tearDown()[pri:0, instance:nishantSelenium.tests.ErrorCredentialValidationTest@452e19ca]" started-at="2026-02-22T14:01:26 GMT" name="tearDown" finished-at="2026-02-22T14:01:27 GMT" duration-ms="350" status="PASS">
          <reporter-output>
          </reporter-output>
        </test-method> <!-- tearDown -->
      </class> <!-- nishantSelenium.tests.ErrorCredentialValidationTest -->
    </test> <!-- ErrorValidationTest -->
  </suite> <!-- Suite -->
</testng-results>
