<?xml version="1.0" encoding="UTF-8"?>
<testng-results ignored="0" total="4" passed="4" failed="0" skipped="0">
  <reporter-output>
  </reporter-output>
  <suite started-at="2026-06-03T01:05:04 IST" name="Suite" finished-at="2026-06-03T01:05:51 IST" duration-ms="47361">
    <groups>
      <group name="ErrorHandling">
        <method signature="ErrorCredentialValidationTest.LoginErrorValidation()[pri:0, instance:nishantSelenium.tests.ErrorCredentialValidationTest@452e19ca]" name="LoginErrorValidation" class="nishantSelenium.tests.ErrorCredentialValidationTest"/>
      </group> <!-- ErrorHandling -->
      <group name="Purchase">
        <method signature="SubmitOrderEcomTest.submitOrder(java.util.HashMap)[pri:0, instance:nishantSelenium.tests.SubmitOrderEcomTest@23941fb4]" name="submitOrder" class="nishantSelenium.tests.SubmitOrderEcomTest"/>
      </group> <!-- Purchase -->
    </groups>
    <test started-at="2026-06-03T01:05:04 IST" name="SubmitOrderTest" finished-at="2026-06-03T01:05:31 IST" duration-ms="27000">
      <class name="nishantSelenium.tests.SubmitOrderEcomTest">
        <test-method is-config="true" signature="launchApplication()[pri:0, instance:nishantSelenium.tests.SubmitOrderEcomTest@23941fb4]" started-at="2026-06-03T01:05:04 IST" name="launchApplication" finished-at="2026-06-03T01:05:07 IST" duration-ms="3385" status="PASS">
          <reporter-output>
          </reporter-output>
        </test-method> <!-- launchApplication -->
        <test-method signature="submitOrder(java.util.HashMap)[pri:0, instance:nishantSelenium.tests.SubmitOrderEcomTest@23941fb4]" started-at="2026-06-03T01:05:07 IST" name="submitOrder" data-provider="getData" finished-at="2026-06-03T01:05:18 IST" duration-ms="11000" status="PASS">
          <params>
            <param index="0">
              <value>
                <![CDATA[{targetProductName=ZARA COAT 3, userPassword=Test112233, userEmail=nkrforever13@gmail.com}]]>
              </value>
            </param>
          </params>
          <reporter-output>
          </reporter-output>
        </test-method> <!-- submitOrder -->
        <test-method is-config="true" signature="tearDown()[pri:0, instance:nishantSelenium.tests.SubmitOrderEcomTest@23941fb4]" started-at="2026-06-03T01:05:18 IST" name="tearDown" finished-at="2026-06-03T01:05:18 IST" duration-ms="365" status="PASS">
          <reporter-output>
          </reporter-output>
        </test-method> <!-- tearDown -->
        <test-method is-config="true" signature="launchApplication()[pri:0, instance:nishantSelenium.tests.SubmitOrderEcomTest@23941fb4]" started-at="2026-06-03T01:05:18 IST" name="launchApplication" finished-at="2026-06-03T01:05:23 IST" duration-ms="4808" status="PASS">
          <reporter-output>
          </reporter-output>
        </test-method> <!-- launchApplication -->
        <test-method signature="orderHistoryTest()[pri:0, instance:nishantSelenium.tests.SubmitOrderEcomTest@23941fb4]" started-at="2026-06-03T01:05:23 IST" name="orderHistoryTest" finished-at="2026-06-03T01:05:30 IST" depends-on-methods="nishantSelenium.tests.SubmitOrderEcomTest.submitOrder" duration-ms="6988" status="PASS">
          <reporter-output>
          </reporter-output>
        </test-method> <!-- orderHistoryTest -->
        <test-method is-config="true" signature="tearDown()[pri:0, instance:nishantSelenium.tests.SubmitOrderEcomTest@23941fb4]" started-at="2026-06-03T01:05:30 IST" name="tearDown" finished-at="2026-06-03T01:05:31 IST" duration-ms="374" status="PASS">
          <reporter-output>
          </reporter-output>
        </test-method> <!-- tearDown -->
      </class> <!-- nishantSelenium.tests.SubmitOrderEcomTest -->
    </test> <!-- SubmitOrderTest -->
    <test started-at="2026-06-03T01:05:31 IST" name="ErrorValidationTest" finished-at="2026-06-03T01:05:51 IST" duration-ms="20265">
      <class name="nishantSelenium.tests.ErrorCredentialValidationTest">
        <test-method is-config="true" signature="launchApplication()[pri:0, instance:nishantSelenium.tests.ErrorCredentialValidationTest@452e19ca]" started-at="2026-06-03T01:05:31 IST" name="launchApplication" finished-at="2026-06-03T01:05:35 IST" duration-ms="3918" status="PASS">
          <reporter-output>
          </reporter-output>
        </test-method> <!-- launchApplication -->
        <test-method signature="LoginErrorValidation()[pri:0, instance:nishantSelenium.tests.ErrorCredentialValidationTest@452e19ca]" started-at="2026-06-03T01:05:35 IST" name="LoginErrorValidation" finished-at="2026-06-03T01:05:35 IST" duration-ms="716" status="PASS">
          <reporter-output>
          </reporter-output>
        </test-method> <!-- LoginErrorValidation -->
        <test-method is-config="true" signature="tearDown()[pri:0, instance:nishantSelenium.tests.ErrorCredentialValidationTest@452e19ca]" started-at="2026-06-03T01:05:35 IST" name="tearDown" finished-at="2026-06-03T01:05:36 IST" duration-ms="381" status="PASS">
          <reporter-output>
          </reporter-output>
        </test-method> <!-- tearDown -->
        <test-method is-config="true" signature="launchApplication()[pri:0, instance:nishantSelenium.tests.ErrorCredentialValidationTest@452e19ca]" started-at="2026-06-03T01:05:36 IST" name="launchApplication" finished-at="2026-06-03T01:05:43 IST" duration-ms="7452" status="PASS">
          <reporter-output>
          </reporter-output>
        </test-method> <!-- launchApplication -->
        <test-method signature="ProductErrorValidationCartPage()[pri:0, instance:nishantSelenium.tests.ErrorCredentialValidationTest@452e19ca]" started-at="2026-06-03T01:05:43 IST" name="ProductErrorValidationCartPage" finished-at="2026-06-03T01:05:51 IST" duration-ms="7431" status="PASS">
          <reporter-output>
          </reporter-output>
        </test-method> <!-- ProductErrorValidationCartPage -->
        <test-method is-config="true" signature="tearDown()[pri:0, instance:nishantSelenium.tests.ErrorCredentialValidationTest@452e19ca]" started-at="2026-06-03T01:05:51 IST" name="tearDown" finished-at="2026-06-03T01:05:51 IST" duration-ms="363" status="PASS">
          <reporter-output>
          </reporter-output>
        </test-method> <!-- tearDown -->
      </class> <!-- nishantSelenium.tests.ErrorCredentialValidationTest -->
    </test> <!-- ErrorValidationTest -->
  </suite> <!-- Suite -->
</testng-results>
