<?xml version="1.0" encoding="UTF-8"?>
<!-- Generated by org.testng.reporters.JUnitReportReporter -->
<testsuite hostname="Nishants-MacBook-Pro.local" failures="0" tests="2" name="nishantSelenium.tests.ErrorCredentialValidationTest" time="20.261" errors="0" timestamp="2026-06-03T01:05:51 IST" skipped="0">
  <testcase classname="nishantSelenium.tests.ErrorCredentialValidationTest" name="ProductErrorValidationCartPage" time="11.730"/>
  <testcase classname="nishantSelenium.tests.ErrorCredentialValidationTest" name="LoginErrorValidation" time="8.531"/>
</testsuite> <!-- nishantSelenium.tests.ErrorCredentialValidationTest -->
