<?xml version="1.0" encoding="UTF-8"?>
<!-- Generated by org.testng.reporters.JUnitReportReporter -->
<testsuite hostname="Nishants-MacBook-Pro.local" failures="0" tests="2" name="nishantSelenium.tests.SubmitOrderEcomTest" time="26.920" errors="0" timestamp="2026-06-03T01:05:51 IST" skipped="0">
  <testcase classname="nishantSelenium.tests.SubmitOrderEcomTest" name="submitOrder" time="14.750"/>
  <testcase classname="nishantSelenium.tests.SubmitOrderEcomTest" name="orderHistoryTest" time="12.170"/>
</testsuite> <!-- nishantSelenium.tests.SubmitOrderEcomTest -->
