<?xml version="1.0" encoding="UTF-8"?>
<!-- Generated by org.testng.reporters.JUnitReportReporter -->
<testsuite hostname="Nishants-MacBook-Pro.local" failures="0" tests="2" name="nishantSelenium.tests.ErrorCredentialValidationTest" time="14.994" errors="0" timestamp="2026-02-22T21:30:45 GMT" skipped="0">
  <testcase classname="nishantSelenium.tests.ErrorCredentialValidationTest" name="ProductErrorValidationCartPage" time="11.379"/>
  <testcase classname="nishantSelenium.tests.ErrorCredentialValidationTest" name="LoginErrorValidation" time="3.615"/>
</testsuite> <!-- nishantSelenium.tests.ErrorCredentialValidationTest -->
