<?xml version="1.0" encoding="UTF-8"?>
<!-- Generated by org.testng.reporters.JUnitReportReporter -->
<testsuite hostname="Nishants-MacBook-Pro.local" failures="0" tests="2" name="nishantSelenium.tests.SubmitOrderEcomTest" time="26.365" errors="0" timestamp="2026-02-22T21:30:45 GMT" skipped="0">
  <testcase classname="nishantSelenium.tests.SubmitOrderEcomTest" name="submitOrder" time="15.423"/>
  <testcase classname="nishantSelenium.tests.SubmitOrderEcomTest" name="orderHistoryTest" time="10.942"/>
</testsuite> <!-- nishantSelenium.tests.SubmitOrderEcomTest -->
